2015-12-15 10:29:37 Error: [PDOException] SQLSTATE[HY000] [1049] Unknown database 'social_networking'
Stack Trace:
#0 C:\xampp\htdocs\s_n_clone\social_networking\vendor\cakephp\cakephp\src\Database\Driver\PDODriverTrait.php(48): PDO->__construct('mysql:host=loca...', 'root', '', Array)
#1 C:\xampp\htdocs\s_n_clone\social_networking\vendor\cakephp\cakephp\src\Database\Driver\Mysql.php(90): Cake\Database\Driver\Mysql->_connect('mysql:host=loca...', Array)
#2 C:\xampp\htdocs\s_n_clone\social_networking\vendor\cakephp\cakephp\src\Database\Schema\BaseSchema.php(45): Cake\Database\Driver\Mysql->connect()
#3 C:\xampp\htdocs\s_n_clone\social_networking\vendor\cakephp\cakephp\src\Database\Dialect\MysqlDialectTrait.php(63): Cake\Database\Schema\BaseSchema->__construct(Object(Cake\Database\Driver\Mysql))
#4 C:\xampp\htdocs\s_n_clone\social_networking\vendor\cakephp\cakephp\src\Database\Schema\Collection.php(52): Cake\Database\Driver\Mysql->schemaDialect()
#5 C:\xampp\htdocs\s_n_clone\social_networking\vendor\cakephp\cakephp\src\Database\Schema\CachedCollection.php(43): Cake\Database\Schema\Collection->__construct(Object(Cake\Database\Connection))
#6 C:\xampp\htdocs\s_n_clone\social_networking\vendor\cakephp\cakephp\src\Database\Connection.php(315): Cake\Database\Schema\CachedCollection->__construct(Object(Cake\Database\Connection), true)
#7 C:\xampp\htdocs\s_n_clone\social_networking\vendor\cakephp\bake\src\Shell\Task\ModelTask.php(883): Cake\Database\Connection->schemaCollection()
#8 C:\xampp\htdocs\s_n_clone\social_networking\vendor\cakephp\bake\src\Shell\Task\ModelTask.php(848): Bake\Shell\Task\ModelTask->_getAllTables()
#9 C:\xampp\htdocs\s_n_clone\social_networking\vendor\cakephp\bake\src\Shell\Task\ModelTask.php(186): Bake\Shell\Task\ModelTask->listAll()
#10 C:\xampp\htdocs\s_n_clone\social_networking\vendor\cakephp\bake\src\Shell\Task\ModelTask.php(110): Bake\Shell\Task\ModelTask->getAssociations(Object(App\Model\Table\CommentsTable))
#11 C:\xampp\htdocs\s_n_clone\social_networking\vendor\cakephp\bake\src\Shell\Task\ModelTask.php(96): Bake\Shell\Task\ModelTask->bake('Comments')
#12 C:\xampp\htdocs\s_n_clone\social_networking\vendor\cakephp\bake\src\Shell\BakeShell.php(250): Bake\Shell\Task\ModelTask->main('Comments')
#13 C:\xampp\htdocs\s_n_clone\social_networking\vendor\cakephp\cakephp\src\Collection\CollectionTrait.php(51): Bake\Shell\BakeShell->Bake\Shell\{closure}('comments', 0)
#14 C:\xampp\htdocs\s_n_clone\social_networking\vendor\cakephp\bake\src\Shell\BakeShell.php(253): Cake\Collection\Collection->each(Object(Closure))
#15 [internal function]: Bake\Shell\BakeShell->all('comments')
#16 C:\xampp\htdocs\s_n_clone\social_networking\vendor\cakephp\cakephp\src\Console\Shell.php(436): call_user_func_array(Array, Array)
#17 C:\xampp\htdocs\s_n_clone\social_networking\vendor\cakephp\cakephp\src\Console\ShellDispatcher.php(212): Cake\Console\Shell->runCommand(Array, true, Array)
#18 C:\xampp\htdocs\s_n_clone\social_networking\vendor\cakephp\cakephp\src\Console\ShellDispatcher.php(179): Cake\Console\ShellDispatcher->_dispatch(Array)
#19 C:\xampp\htdocs\s_n_clone\social_networking\vendor\cakephp\cakephp\src\Console\ShellDispatcher.php(126): Cake\Console\ShellDispatcher->dispatch(Array)
#20 C:\xampp\htdocs\s_n_clone\social_networking\bin\cake.php(33): Cake\Console\ShellDispatcher::run(Array)
#21 {main}


2015-12-15 13:34:24 Error: [Cake\Database\Exception] SQLSTATE[42S02]: Base table or view not found: 1146 Table 'social_networking.admin' doesn't exist
Stack Trace:
#0 C:\xampp\htdocs\s_n_clone\social_networking\vendor\cakephp\cakephp\src\Database\Schema\Collection.php(96): Cake\Database\Schema\Collection->_reflect('Column', 'admin', Array, Object(Cake\Database\Schema\Table))
#1 C:\xampp\htdocs\s_n_clone\social_networking\vendor\cakephp\cakephp\src\Database\Schema\CachedCollection.php(64): Cake\Database\Schema\Collection->describe('admin', Array)
#2 C:\xampp\htdocs\s_n_clone\social_networking\vendor\cakephp\cakephp\src\ORM\Table.php(423): Cake\Database\Schema\CachedCollection->describe('admin')
#3 C:\xampp\htdocs\s_n_clone\social_networking\vendor\cakephp\cakephp\src\ORM\Table.php(499): Cake\ORM\Table->schema()
#4 C:\xampp\htdocs\s_n_clone\social_networking\vendor\cakephp\bake\src\Shell\Task\ModelTask.php(194): Cake\ORM\Table->primaryKey()
#5 C:\xampp\htdocs\s_n_clone\social_networking\vendor\cakephp\bake\src\Shell\Task\ModelTask.php(110): Bake\Shell\Task\ModelTask->getAssociations(Object(Cake\ORM\Table))
#6 C:\xampp\htdocs\s_n_clone\social_networking\vendor\cakephp\bake\src\Shell\Task\ModelTask.php(96): Bake\Shell\Task\ModelTask->bake('Admin')
#7 C:\xampp\htdocs\s_n_clone\social_networking\vendor\cakephp\bake\src\Shell\BakeShell.php(250): Bake\Shell\Task\ModelTask->main('Admin')
#8 C:\xampp\htdocs\s_n_clone\social_networking\vendor\cakephp\cakephp\src\Collection\CollectionTrait.php(51): Bake\Shell\BakeShell->Bake\Shell\{closure}('admin', 0)
#9 C:\xampp\htdocs\s_n_clone\social_networking\vendor\cakephp\bake\src\Shell\BakeShell.php(253): Cake\Collection\Collection->each(Object(Closure))
#10 [internal function]: Bake\Shell\BakeShell->all('admin')
#11 C:\xampp\htdocs\s_n_clone\social_networking\vendor\cakephp\cakephp\src\Console\Shell.php(436): call_user_func_array(Array, Array)
#12 C:\xampp\htdocs\s_n_clone\social_networking\vendor\cakephp\cakephp\src\Console\ShellDispatcher.php(212): Cake\Console\Shell->runCommand(Array, true, Array)
#13 C:\xampp\htdocs\s_n_clone\social_networking\vendor\cakephp\cakephp\src\Console\ShellDispatcher.php(179): Cake\Console\ShellDispatcher->_dispatch(Array)
#14 C:\xampp\htdocs\s_n_clone\social_networking\vendor\cakephp\cakephp\src\Console\ShellDispatcher.php(126): Cake\Console\ShellDispatcher->dispatch(Array)
#15 C:\xampp\htdocs\s_n_clone\social_networking\bin\cake.php(33): Cake\Console\ShellDispatcher::run(Array)
#16 {main}


